<!DOCTYPE html PUBLIC "-//W3C//DTD XHTML 1.1//EN" "https://www.w3.org/TR/xhtml11/DTD/xhtml11.dtd">
<html xmlns="https://www.w3.org/1999/xhtml">
<head>
<meta http-equiv="content-type" content="text/html; charset=UTF-8"/>
<title>TestNG Report</title>
<style type="text/css">table {margin-bottom:10px;border-collapse:collapse;empty-cells:show}th,td {border:1px solid #009;padding:.25em .5em}th {vertical-align:bottom}td {vertical-align:top}table a {font-weight:bold}.stripe td {background-color: #E6EBF9}.num {text-align:right}.passedodd td {background-color: #3F3}.passedeven td {background-color: #0A0}.skippedodd td {background-color: #DDD}.skippedeven td {background-color: #CCC}.failedodd td,.attn {background-color: #F33}.failedeven td,.stripe .attn {background-color: #D00}.stacktrace {white-space:pre;font-family:monospace}.totop {font-size:85%;text-align:center;border-bottom:2px solid #000}.invisible {display:none}</style>
</head>
<body>
<table>
<tr><th>Test</th><th># Passed</th><th># Skipped</th><th># Retried</th><th># Failed</th><th>Time (ms)</th><th>Included Groups</th><th>Excluded Groups</th></tr>
<tr><th colspan="8">Surefire suite</th></tr>
<tr><td><a href="#t0">Surefire test</a></td><td class="num">0</td><td class="num attn">9</td><td class="num">0</td><td class="num">0</td><td class="num">545</td><td></td><td></td></tr>
</table>
<table id='summary'><thead><tr><th>Class</th><th>Method</th><th>Start</th><th>Time (ms)</th></tr></thead><tbody><tr><th colspan="4">Surefire suite</th></tr></tbody><tbody id="t0"><tr><th colspan="4">Surefire test &#8212; failed (configuration methods)</th></tr><tr class="failedeven"><td rowspan="1">org.orangeHRM.runnerScripts.FailedTestCase</td><td><a href="#m0">launchEmptybrowser</a></td><td rowspan="1">1756624035675</td><td rowspan="1">-1756624035675</td></tr><tr class="failedodd"><td rowspan="1">org.orangeHRM.runnerScripts.testcase1_LoginTest</td><td><a href="#m1">launchEmptybrowser</a></td><td rowspan="1">1756624035704</td><td rowspan="1">-1756624035704</td></tr><tr><th colspan="4">Surefire test &#8212; skipped (configuration methods)</th></tr><tr class="skippedeven"><td rowspan="2">org.orangeHRM.runnerScripts.FailedTestCase</td><td><a href="#m2">logout</a></td><td rowspan="1">1756624035702</td><td rowspan="1">0</td></tr><tr class="skippedeven"><td><a href="#m3">websiteURL</a></td><td rowspan="1">1756624035695</td><td rowspan="1">0</td></tr><tr class="skippedodd"><td rowspan="16">org.orangeHRM.runnerScripts.testcase1_LoginTest</td><td><a href="#m4">logout</a></td><td rowspan="8">1756624036200</td><td rowspan="8">0</td></tr><tr class="skippedodd"><td><a href="#m5">logout</a></td></tr><tr class="skippedodd"><td><a href="#m6">logout</a></td></tr><tr class="skippedodd"><td><a href="#m7">logout</a></td></tr><tr class="skippedodd"><td><a href="#m8">logout</a></td></tr><tr class="skippedodd"><td><a href="#m9">logout</a></td></tr><tr class="skippedodd"><td><a href="#m10">logout</a></td></tr><tr class="skippedodd"><td><a href="#m11">logout</a></td></tr><tr class="skippedodd"><td><a href="#m12">websiteURL</a></td><td rowspan="8">1756624036198</td><td rowspan="8">0</td></tr><tr class="skippedodd"><td><a href="#m13">websiteURL</a></td></tr><tr class="skippedodd"><td><a href="#m14">websiteURL</a></td></tr><tr class="skippedodd"><td><a href="#m15">websiteURL</a></td></tr><tr class="skippedodd"><td><a href="#m16">websiteURL</a></td></tr><tr class="skippedodd"><td><a href="#m17">websiteURL</a></td></tr><tr class="skippedodd"><td><a href="#m18">websiteURL</a></td></tr><tr class="skippedodd"><td><a href="#m19">websiteURL</a></td></tr><tr><th colspan="4">Surefire test &#8212; skipped</th></tr><tr class="skippedeven"><td rowspan="1">org.orangeHRM.runnerScripts.FailedTestCase</td><td><a href="#m20">loginTC</a></td><td rowspan="1">1756624035697</td><td rowspan="1">1</td></tr><tr class="skippedodd"><td rowspan="8">org.orangeHRM.runnerScripts.testcase1_LoginTest</td><td><a href="#m21">loginTC</a></td><td rowspan="8">1756624036202</td><td rowspan="8">0</td></tr><tr class="skippedodd"><td><a href="#m22">loginTC</a></td></tr><tr class="skippedodd"><td><a href="#m23">loginTC</a></td></tr><tr class="skippedodd"><td><a href="#m24">loginTC</a></td></tr><tr class="skippedodd"><td><a href="#m25">loginTC</a></td></tr><tr class="skippedodd"><td><a href="#m26">loginTC</a></td></tr><tr class="skippedodd"><td><a href="#m27">loginTC</a></td></tr><tr class="skippedodd"><td><a href="#m28">loginTC</a></td></tr></tbody>
</table>
<h2>Surefire test</h2><h3 id="m0">org.orangeHRM.runnerScripts.FailedTestCase#launchEmptybrowser</h3><table class="result"><tr><th>Exception</th></tr><tr><td><div class="stacktrace">org.testng.TestNGException: 
Parameter &apos;browsername&apos; is required by BeforeClass on method launchEmptybrowser but has not been marked @Optional or defined

	at java.base/java.util.ArrayList.forEach(ArrayList.java:1604)
... Removed 27 stack frames</div></td></tr></table><p class="totop"><a href="#summary">back to summary</a></p>
<h3 id="m1">org.orangeHRM.runnerScripts.testcase1_LoginTest#launchEmptybrowser</h3><table class="result"><tr><th>Exception</th></tr><tr><td><div class="stacktrace">org.testng.TestNGException: 
Parameter &apos;browsername&apos; is required by BeforeClass on method launchEmptybrowser but has not been marked @Optional or defined

	at java.base/java.util.ArrayList.forEach(ArrayList.java:1604)
... Removed 27 stack frames</div></td></tr></table><p class="totop"><a href="#summary">back to summary</a></p>
<h3 id="m2">org.orangeHRM.runnerScripts.FailedTestCase#logout</h3><table class="result"><tr><th class="invisible"/></tr></table><p class="totop"><a href="#summary">back to summary</a></p>
<h3 id="m3">org.orangeHRM.runnerScripts.FailedTestCase#websiteURL</h3><table class="result"><tr><th class="invisible"/></tr></table><p class="totop"><a href="#summary">back to summary</a></p>
<h3 id="m4">org.orangeHRM.runnerScripts.testcase1_LoginTest#logout</h3><table class="result"><tr><th class="invisible"/></tr></table><p class="totop"><a href="#summary">back to summary</a></p>
<h3 id="m5">org.orangeHRM.runnerScripts.testcase1_LoginTest#logout</h3><table class="result"><tr><th class="invisible"/></tr></table><p class="totop"><a href="#summary">back to summary</a></p>
<h3 id="m6">org.orangeHRM.runnerScripts.testcase1_LoginTest#logout</h3><table class="result"><tr><th class="invisible"/></tr></table><p class="totop"><a href="#summary">back to summary</a></p>
<h3 id="m7">org.orangeHRM.runnerScripts.testcase1_LoginTest#logout</h3><table class="result"><tr><th class="invisible"/></tr></table><p class="totop"><a href="#summary">back to summary</a></p>
<h3 id="m8">org.orangeHRM.runnerScripts.testcase1_LoginTest#logout</h3><table class="result"><tr><th class="invisible"/></tr></table><p class="totop"><a href="#summary">back to summary</a></p>
<h3 id="m9">org.orangeHRM.runnerScripts.testcase1_LoginTest#logout</h3><table class="result"><tr><th class="invisible"/></tr></table><p class="totop"><a href="#summary">back to summary</a></p>
<h3 id="m10">org.orangeHRM.runnerScripts.testcase1_LoginTest#logout</h3><table class="result"><tr><th class="invisible"/></tr></table><p class="totop"><a href="#summary">back to summary</a></p>
<h3 id="m11">org.orangeHRM.runnerScripts.testcase1_LoginTest#logout</h3><table class="result"><tr><th class="invisible"/></tr></table><p class="totop"><a href="#summary">back to summary</a></p>
<h3 id="m12">org.orangeHRM.runnerScripts.testcase1_LoginTest#websiteURL</h3><table class="result"><tr><th class="invisible"/></tr></table><p class="totop"><a href="#summary">back to summary</a></p>
<h3 id="m13">org.orangeHRM.runnerScripts.testcase1_LoginTest#websiteURL</h3><table class="result"><tr><th class="invisible"/></tr></table><p class="totop"><a href="#summary">back to summary</a></p>
<h3 id="m14">org.orangeHRM.runnerScripts.testcase1_LoginTest#websiteURL</h3><table class="result"><tr><th class="invisible"/></tr></table><p class="totop"><a href="#summary">back to summary</a></p>
<h3 id="m15">org.orangeHRM.runnerScripts.testcase1_LoginTest#websiteURL</h3><table class="result"><tr><th class="invisible"/></tr></table><p class="totop"><a href="#summary">back to summary</a></p>
<h3 id="m16">org.orangeHRM.runnerScripts.testcase1_LoginTest#websiteURL</h3><table class="result"><tr><th class="invisible"/></tr></table><p class="totop"><a href="#summary">back to summary</a></p>
<h3 id="m17">org.orangeHRM.runnerScripts.testcase1_LoginTest#websiteURL</h3><table class="result"><tr><th class="invisible"/></tr></table><p class="totop"><a href="#summary">back to summary</a></p>
<h3 id="m18">org.orangeHRM.runnerScripts.testcase1_LoginTest#websiteURL</h3><table class="result"><tr><th class="invisible"/></tr></table><p class="totop"><a href="#summary">back to summary</a></p>
<h3 id="m19">org.orangeHRM.runnerScripts.testcase1_LoginTest#websiteURL</h3><table class="result"><tr><th class="invisible"/></tr></table><p class="totop"><a href="#summary">back to summary</a></p>
<h3 id="m20">org.orangeHRM.runnerScripts.FailedTestCase#loginTC</h3><table class="result"><tr><th>Exception</th></tr><tr><td><div class="stacktrace">org.testng.TestNGException: 
Parameter &apos;browsername&apos; is required by BeforeClass on method launchEmptybrowser but has not been marked @Optional or defined

	at java.base/java.util.ArrayList.forEach(ArrayList.java:1604)
... Removed 27 stack frames</div></td></tr></table><p class="totop"><a href="#summary">back to summary</a></p>
<h3 id="m21">org.orangeHRM.runnerScripts.testcase1_LoginTest#loginTC</h3><table class="result"><tr class="param"><th>Parameter #1</th><th>Parameter #2</th><th>Parameter #3</th></tr><tr class="param stripe"><td>Sudha</td><td>Gowda</td><td>c</td></tr><tr><th colspan="3">Exception</th></tr><tr><td colspan="3"><div class="stacktrace">org.testng.TestNGException: 
Parameter &apos;browsername&apos; is required by BeforeClass on method launchEmptybrowser but has not been marked @Optional or defined

	at java.base/java.util.ArrayList.forEach(ArrayList.java:1604)
... Removed 27 stack frames</div></td></tr></table><p class="totop"><a href="#summary">back to summary</a></p>
<h3 id="m22">org.orangeHRM.runnerScripts.testcase1_LoginTest#loginTC</h3><table class="result"><tr class="param"><th>Parameter #1</th><th>Parameter #2</th><th>Parameter #3</th></tr><tr class="param stripe"><td>Sudha</td><td>Shree</td><td>B</td></tr><tr><th colspan="3">Exception</th></tr><tr><td colspan="3"><div class="stacktrace">org.testng.TestNGException: 
Parameter &apos;browsername&apos; is required by BeforeClass on method launchEmptybrowser but has not been marked @Optional or defined

	at java.base/java.util.ArrayList.forEach(ArrayList.java:1604)
... Removed 27 stack frames</div></td></tr></table><p class="totop"><a href="#summary">back to summary</a></p>
<h3 id="m23">org.orangeHRM.runnerScripts.testcase1_LoginTest#loginTC</h3><table class="result"><tr class="param"><th>Parameter #1</th><th>Parameter #2</th><th>Parameter #3</th></tr><tr class="param stripe"><td>Raju</td><td>Gowda</td><td>c</td></tr><tr><th colspan="3">Exception</th></tr><tr><td colspan="3"><div class="stacktrace">org.testng.TestNGException: 
Parameter &apos;browsername&apos; is required by BeforeClass on method launchEmptybrowser but has not been marked @Optional or defined

	at java.base/java.util.ArrayList.forEach(ArrayList.java:1604)
... Removed 27 stack frames</div></td></tr></table><p class="totop"><a href="#summary">back to summary</a></p>
<h3 id="m24">org.orangeHRM.runnerScripts.testcase1_LoginTest#loginTC</h3><table class="result"><tr class="param"><th>Parameter #1</th><th>Parameter #2</th><th>Parameter #3</th></tr><tr class="param stripe"><td>Madhu</td><td>Gowda</td><td>B</td></tr><tr><th colspan="3">Exception</th></tr><tr><td colspan="3"><div class="stacktrace">org.testng.TestNGException: 
Parameter &apos;browsername&apos; is required by BeforeClass on method launchEmptybrowser but has not been marked @Optional or defined

	at java.base/java.util.ArrayList.forEach(ArrayList.java:1604)
... Removed 27 stack frames</div></td></tr></table><p class="totop"><a href="#summary">back to summary</a></p>
<h3 id="m25">org.orangeHRM.runnerScripts.testcase1_LoginTest#loginTC</h3><table class="result"><tr class="param"><th>Parameter #1</th><th>Parameter #2</th><th>Parameter #3</th></tr><tr class="param stripe"><td>Pooja</td><td>Shree</td><td>B</td></tr><tr><th colspan="3">Exception</th></tr><tr><td colspan="3"><div class="stacktrace">org.testng.TestNGException: 
Parameter &apos;browsername&apos; is required by BeforeClass on method launchEmptybrowser but has not been marked @Optional or defined

	at java.base/java.util.ArrayList.forEach(ArrayList.java:1604)
... Removed 27 stack frames</div></td></tr></table><p class="totop"><a href="#summary">back to summary</a></p>
<h3 id="m26">org.orangeHRM.runnerScripts.testcase1_LoginTest#loginTC</h3><table class="result"><tr class="param"><th>Parameter #1</th><th>Parameter #2</th><th>Parameter #3</th></tr><tr class="param stripe"><td>Madhu</td><td>Shree</td><td>B</td></tr><tr><th colspan="3">Exception</th></tr><tr><td colspan="3"><div class="stacktrace">org.testng.TestNGException: 
Parameter &apos;browsername&apos; is required by BeforeClass on method launchEmptybrowser but has not been marked @Optional or defined

	at java.base/java.util.ArrayList.forEach(ArrayList.java:1604)
... Removed 27 stack frames</div></td></tr></table><p class="totop"><a href="#summary">back to summary</a></p>
<h3 id="m27">org.orangeHRM.runnerScripts.testcase1_LoginTest#loginTC</h3><table class="result"><tr class="param"><th>Parameter #1</th><th>Parameter #2</th><th>Parameter #3</th></tr><tr class="param stripe"><td>Raju</td><td>Shree</td><td>B</td></tr><tr><th colspan="3">Exception</th></tr><tr><td colspan="3"><div class="stacktrace">org.testng.TestNGException: 
Parameter &apos;browsername&apos; is required by BeforeClass on method launchEmptybrowser but has not been marked @Optional or defined

	at java.base/java.util.ArrayList.forEach(ArrayList.java:1604)
... Removed 27 stack frames</div></td></tr></table><p class="totop"><a href="#summary">back to summary</a></p>
<h3 id="m28">org.orangeHRM.runnerScripts.testcase1_LoginTest#loginTC</h3><table class="result"><tr class="param"><th>Parameter #1</th><th>Parameter #2</th><th>Parameter #3</th></tr><tr class="param stripe"><td>Pooja</td><td>Gowda</td><td>c</td></tr><tr><th colspan="3">Exception</th></tr><tr><td colspan="3"><div class="stacktrace">org.testng.TestNGException: 
Parameter &apos;browsername&apos; is required by BeforeClass on method launchEmptybrowser but has not been marked @Optional or defined

	at java.base/java.util.ArrayList.forEach(ArrayList.java:1604)
... Removed 27 stack frames</div></td></tr></table><p class="totop"><a href="#summary">back to summary</a></p>
</body>
</html>
